
Jan 06, 2022 22:22:44.139 NEW SESSION
Jan 06, 2022 22:22:44.139 [6560:12624:0106/222244.136:ERROR:chrome_browser_main_extra_parts_metrics.cc(226)] crbug.com/1216328: Checking Bluetooth availability started. Please report if there is no report that this ends.
Jan 06, 2022 22:22:44.140 [6560:9616:0106/222244.137:ERROR:device_event_log_impl.cc(214)] [22:22:44.137] USB: usb_device_handle_win.cc:1048 Failed to read descriptor from node connection: A device attached to the system is not functioning. (0x1F)
Jan 06, 2022 22:22:44.140 [6560:9616:0106/222244.138:ERROR:device_event_log_impl.cc(214)] [22:22:44.138] USB: usb_device_handle_win.cc:1048 Failed to read descriptor from node connection: A device attached to the system is not functioning. (0x1F)
Jan 06, 2022 22:22:44.142 [6560:12624:0106/222244.141:ERROR:chrome_browser_main_extra_parts_metrics.cc(229)] crbug.com/1216328: Checking Bluetooth availability ended.
Jan 06, 2022 22:22:44.142 [6560:12624:0106/222244.141:ERROR:chrome_browser_main_extra_parts_metrics.cc(232)] crbug.com/1216328: Checking default browser status started. Please report if there is no report that this ends.
Jan 06, 2022 22:22:44.145 [6560:12624:0106/222244.144:ERROR:chrome_browser_main_extra_parts_metrics.cc(236)] crbug.com/1216328: Checking default browser status ended.
Jan 06, 2022 22:22:56.276 [6560:7124:0106/222256.274:ERROR:connection_factory_impl.cc(425)] Failed to connect to MCS endpoint with error -105
Jan 06, 2022 22:23:21.267 [6560:7124:0106/222321.267:ERROR:connection_factory_impl.cc(425)] Failed to connect to MCS endpoint with error -105
Jan 06, 2022 22:24:13.216 [6560:7124:0106/222413.215:ERROR:connection_factory_impl.cc(425)] Failed to connect to MCS endpoint with error -105
Jan 06, 2022 22:26:00.38 [6560:7124:0106/222600.037:ERROR:connection_factory_impl.cc(425)] Failed to connect to MCS endpoint with error -105
Jan 06, 2022 22:29:11.719 [6560:7124:0106/222911.717:ERROR:connection_factory_impl.cc(425)] Failed to connect to MCS endpoint with error -105
Jan 06, 2022 22:36:17.347 [6560:7124:0106/223617.347:ERROR:connection_factory_impl.cc(425)] Failed to connect to MCS endpoint with error -105
Jan 06, 2022 22:42:50.69 [6560:7124:0106/224250.068:ERROR:connection_factory_impl.cc(425)] Failed to connect to MCS endpoint with error -105
Jan 06, 2022 23:03:43.264 [6560:9616:0106/230343.264:ERROR:fallback_task_provider.cc(118)] Every renderer should have at least one task provided by a primary task provider. If a fallback task is shown, it is a bug. Please file a new bug and tag it as a dependency of crbug.com/739782.
Jan 06, 2022 23:21:22.715 [6560:7124:0106/232122.712:ERROR:connection_factory_impl.cc(425)] Failed to connect to MCS endpoint with error -105
Jan 06, 2022 23:21:43.889 [6560:7124:0106/232143.888:ERROR:connection_factory_impl.cc(425)] Failed to connect to MCS endpoint with error -105
Jan 06, 2022 23:22:44.905 [6560:7124:0106/232244.904:ERROR:connection_factory_impl.cc(425)] Failed to connect to MCS endpoint with error -105
Jan 06, 2022 23:24:23.416 [6560:7124:0106/232423.414:ERROR:connection_factory_impl.cc(425)] Failed to connect to MCS endpoint with error -105
Jan 06, 2022 23:27:31.670 [6560:7124:0106/232731.668:ERROR:connection_factory_impl.cc(425)] Failed to connect to MCS endpoint with error -105
Jan 06, 2022 23:33:27.664 [6560:7124:0106/233327.663:ERROR:connection_factory_impl.cc(425)] Failed to connect to MCS endpoint with error -105
Jan 06, 2022 23:51:04.119 [6560:7124:0106/235104.117:ERROR:connection_factory_impl.cc(425)] Failed to connect to MCS endpoint with error -105
Jan 06, 2022 23:51:08.422 [6560:7124:0106/235108.421:ERROR:connection_factory_impl.cc(425)] Failed to connect to MCS endpoint with error -105
Jan 06, 2022 23:51:19.440 [6560:7124:0106/235119.439:ERROR:connection_factory_impl.cc(425)] Failed to connect to MCS endpoint with error -105
